<?xml version="1.0" encoding="UTF-8"?>
<testsuite name="models.CaesarCipherTest" tests="2" skipped="0" failures="0" errors="0" timestamp="2020-11-14T15:56:11" hostname="wecode-VivoBook-15-ASUS-Laptop-X540UAR" time="0.001">
  <properties/>
  <testcase name="newCaesarCipher_instantiatesCorrectly" classname="models.CaesarCipherTest" time="0.001"/>
  <testcase name="newCaesarCipher_rotateafterendofalphabets" classname="models.CaesarCipherTest" time="0.0"/>
  <system-out><![CDATA[]]></system-out>
  <system-err><![CDATA[]]></system-err>
</testsuite>
